# JRE version: OpenJDK Runtime Environment (8.0_212-b04) (build 1.8.0_212-release-1586-b04)
# Java VM: OpenJDK 64-Bit Server VM (25.212-b04 mixed mode windows-amd64 compressed oops)
Heap:
 PSYoungGen      total 280576K, used 236466K [0x00000000e0000000, 0x00000000f2c80000, 0x0000000100000000)
  eden space 256512K, 86% used [0x00000000e0000000,0x00000000ed772928,0x00000000efa80000)
  from space 24064K, 65% used [0x00000000efa80000,0x00000000f09fa030,0x00000000f1200000)
  to   space 24576K, 0% used [0x00000000f1200000,0x00000000f1200000,0x00000000f2a00000)
 ParOldGen       total 196096K, used 65234K [0x00000000a0000000, 0x00000000abf80000, 0x00000000e0000000)
  object space 196096K, 33% used [0x00000000a0000000,0x00000000a3fb4910,0x00000000abf80000)
 Metaspace       used 102295K, capacity 107014K, committed 107264K, reserved 1142784K
  class space    used 13340K, capacity 14289K, committed 14336K, reserved 1048576K
GC Heap History (10 events):
Event: 1304.019 GC heap before
{Heap before GC invocations=21 (full 3):
 PSYoungGen      total 219136K, used 93183K [0x00000000e0000000, 0x00000000f1000000, 0x0000000100000000)
  eden space 203264K, 38% used [0x00000000e0000000,0x00000000e4bef7a8,0x00000000ec680000)
  from space 15872K, 97% used [0x00000000eed00000,0x00000000efc106e0,0x00000000efc80000)
  to   space 19968K, 0% used [0x00000000efc80000,0x00000000efc80000,0x00000000f1000000)
 ParOldGen       total 129024K, used 59017K [0x00000000a0000000, 0x00000000a7e00000, 0x00000000e0000000)
  object space 129024K, 45% used [0x00000000a0000000,0x00000000a39a2470,0x00000000a7e00000)
 Metaspace       used 94048K, capacity 98512K, committed 98560K, reserved 1134592K
  class space    used 12320K, capacity 13172K, committed 13184K, reserved 1048576K
Event: 1304.042 GC heap after
Heap after GC invocations=21 (full 3):
 PSYoungGen      total 247808K, used 19955K [0x00000000e0000000, 0x00000000f1080000, 0x0000000100000000)
  eden space 227840K, 0% used [0x00000000e0000000,0x00000000e0000000,0x00000000ede80000)
  from space 19968K, 99% used [0x00000000efc80000,0x00000000f0ffce30,0x00000000f1000000)
  to   space 25600K, 0% used [0x00000000ede80000,0x00000000ede80000,0x00000000ef780000)
 ParOldGen       total 129024K, used 60460K [0x00000000a0000000, 0x00000000a7e00000, 0x00000000e0000000)
  object space 129024K, 46% used [0x00000000a0000000,0x00000000a3b0b368,0x00000000a7e00000)
 Metaspace       used 94048K, capacity 98512K, committed 98560K, reserved 1134592K
  class space    used 12320K, capacity 13172K, committed 13184K, reserved 1048576K
}
Event: 1304.042 GC heap before
{Heap before GC invocations=22 (full 4):
 PSYoungGen      total 247808K, used 19955K [0x00000000e0000000, 0x00000000f1080000, 0x0000000100000000)
  eden space 227840K, 0% used [0x00000000e0000000,0x00000000e0000000,0x00000000ede80000)
  from space 19968K, 99% used [0x00000000efc80000,0x00000000f0ffce30,0x00000000f1000000)
  to   space 25600K, 0% used [0x00000000ede80000,0x00000000ede80000,0x00000000ef780000)
 ParOldGen       total 129024K, used 60460K [0x00000000a0000000, 0x00000000a7e00000, 0x00000000e0000000)
  object space 129024K, 46% used [0x00000000a0000000,0x00000000a3b0b368,0x00000000a7e00000)
 Metaspace       used 94048K, capacity 98512K, committed 98560K, reserved 1134592K
  class space    used 12320K, capacity 13172K, committed 13184K, reserved 1048576K
Event: 1304.330 GC heap after
Heap after GC invocations=22 (full 4):
 PSYoungGen      total 247808K, used 0K [0x00000000e0000000, 0x00000000f1080000, 0x0000000100000000)
  eden space 227840K, 0% used [0x00000000e0000000,0x00000000e0000000,0x00000000ede80000)
  from space 19968K, 0% used [0x00000000efc80000,0x00000000efc80000,0x00000000f1000000)
  to   space 25600K, 0% used [0x00000000ede80000,0x00000000ede80000,0x00000000ef780000)
 ParOldGen       total 196096K, used 62489K [0x00000000a0000000, 0x00000000abf80000, 0x00000000e0000000)
  object space 196096K, 31% used [0x00000000a0000000,0x00000000a3d065f0,0x00000000abf80000)
 Metaspace       used 93903K, capacity 98134K, committed 98560K, reserved 1134592K
  class space    used 12277K, capacity 13109K, committed 13184K, reserved 1048576K
}
Event: 1322.786 GC heap before
{Heap before GC invocations=23 (full 4):
 PSYoungGen      total 247808K, used 227840K [0x00000000e0000000, 0x00000000f1080000, 0x0000000100000000)
  eden space 227840K, 100% used [0x00000000e0000000,0x00000000ede80000,0x00000000ede80000)
  from space 19968K, 0% used [0x00000000efc80000,0x00000000efc80000,0x00000000f1000000)
  to   space 25600K, 0% used [0x00000000ede80000,0x00000000ede80000,0x00000000ef780000)
 ParOldGen       total 196096K, used 62505K [0x00000000a0000000, 0x00000000abf80000, 0x00000000e0000000)
  object space 196096K, 31% used [0x00000000a0000000,0x00000000a3d0a610,0x00000000abf80000)
 Metaspace       used 98724K, capacity 103346K, committed 103424K, reserved 1138688K
  class space    used 12874K, capacity 13789K, committed 13824K, reserved 1048576K
Event: 1322.817 GC heap after
Heap after GC invocations=23 (full 4):
 PSYoungGen      total 253440K, used 13378K [0x00000000e0000000, 0x00000000f2a00000, 0x0000000100000000)
  eden space 227840K, 0% used [0x00000000e0000000,0x00000000e0000000,0x00000000ede80000)
  from space 25600K, 52% used [0x00000000ede80000,0x00000000eeb908d0,0x00000000ef780000)
  to   space 24576K, 0% used [0x00000000f1200000,0x00000000f1200000,0x00000000f2a00000)
 ParOldGen       total 196096K, used 62513K [0x00000000a0000000, 0x00000000abf80000, 0x00000000e0000000)
  object space 196096K, 31% used [0x00000000a0000000,0x00000000a3d0c610,0x00000000abf80000)
 Metaspace       used 98724K, capacity 103346K, committed 103424K, reserved 1138688K
  class space    used 12874K, capacity 13789K, committed 13824K, reserved 1048576K
}
Event: 1324.912 GC heap before
{Heap before GC invocations=24 (full 4):
 PSYoungGen      total 253440K, used 241218K [0x00000000e0000000, 0x00000000f2a00000, 0x0000000100000000)
  eden space 227840K, 100% used [0x00000000e0000000,0x00000000ede80000,0x00000000ede80000)
  from space 25600K, 52% used [0x00000000ede80000,0x00000000eeb908d0,0x00000000ef780000)
  to   space 24576K, 0% used [0x00000000f1200000,0x00000000f1200000,0x00000000f2a00000)
 ParOldGen       total 196096K, used 65215K [0x00000000a0000000, 0x00000000abf80000, 0x00000000e0000000)
  object space 196096K, 33% used [0x00000000a0000000,0x00000000a3fafc60,0x00000000abf80000)
 Metaspace       used 99015K, capacity 103650K, committed 103808K, reserved 1138688K
  class space    used 12881K, capacity 13795K, committed 13952K, reserved 1048576K
Event: 1324.947 GC heap after
Heap after GC invocations=24 (full 4):
 PSYoungGen      total 281088K, used 14383K [0x00000000e0000000, 0x00000000f2c80000, 0x0000000100000000)
  eden space 256512K, 0% used [0x00000000e0000000,0x00000000e0000000,0x00000000efa80000)
  from space 24576K, 58% used [0x00000000f1200000,0x00000000f200bc30,0x00000000f2a00000)
  to   space 24064K, 0% used [0x00000000efa80000,0x00000000efa80000,0x00000000f1200000)
 ParOldGen       total 196096K, used 65223K [0x00000000a0000000, 0x00000000abf80000, 0x00000000e0000000)
  object space 196096K, 33% used [0x00000000a0000000,0x00000000a3fb1c60,0x00000000abf80000)
 Metaspace       used 99015K, capacity 103650K, committed 103808K, reserved 1138688K
  class space    used 12881K, capacity 13795K, committed 13952K, reserved 1048576K
}
Event: 1325.436 GC heap before
{Heap before GC invocations=25 (full 4):
 PSYoungGen      total 281088K, used 270895K [0x00000000e0000000, 0x00000000f2c80000, 0x0000000100000000)
  eden space 256512K, 100% used [0x00000000e0000000,0x00000000efa80000,0x00000000efa80000)
  from space 24576K, 58% used [0x00000000f1200000,0x00000000f200bc30,0x00000000f2a00000)
  to   space 24064K, 0% used [0x00000000efa80000,0x00000000efa80000,0x00000000f1200000)
 ParOldGen       total 196096K, used 65226K [0x00000000a0000000, 0x00000000abf80000, 0x00000000e0000000)
  object space 196096K, 33% used [0x00000000a0000000,0x00000000a3fb2910,0x00000000abf80000)
 Metaspace       used 99031K, capacity 103654K, committed 104064K, reserved 1138688K
  class space    used 12881K, capacity 13795K, committed 13952K, reserved 1048576K
Event: 1325.460 GC heap after
Heap after GC invocations=25 (full 4):
 PSYoungGen      total 280576K, used 15848K [0x00000000e0000000, 0x00000000f2c80000, 0x0000000100000000)
  eden space 256512K, 0% used [0x00000000e0000000,0x00000000e0000000,0x00000000efa80000)
  from space 24064K, 65% used [0x00000000efa80000,0x00000000f09fa030,0x00000000f1200000)
  to   space 24576K, 0% used [0x00000000f1200000,0x00000000f1200000,0x00000000f2a00000)
 ParOldGen       total 196096K, used 65234K [0x00000000a0000000, 0x00000000abf80000, 0x00000000e0000000)
  object space 196096K, 33% used [0x00000000a0000000,0x00000000a3fb4910,0x00000000abf80000)
 Metaspace       used 99031K, capacity 103654K, committed 104064K, reserved 1138688K
  class space    used 12881K, capacity 13795K, committed 13952K, reserved 1048576K
}

